[2021-03-26 17:08:28:834][main] INFO  com.example.demo.DemoApplication - Starting DemoApplication using Java 1.8.0_281 on WD21020759 with PID 12008 (C:\Users\2021034\Desktop\诀公\demo\demo\build\classes\java\main started by 2021034 in C:\Users\2021034\Desktop\诀公\demo\demo)
[2021-03-26 17:08:28:834][main] INFO  com.example.demo.DemoApplication - No active profile set, falling back to default profiles: default
[2021-03-26 17:08:29:1599][main] INFO  o.s.c.s.PostProcessorRegistrationDelegate$BeanPostProcessorChecker - Bean 'pl.allegro.tech.boot.autoconfigure.handlebars.HandlebarsHelpersAutoConfiguration' of type [pl.allegro.tech.boot.autoconfigure.handlebars.HandlebarsHelpersAutoConfiguration$$EnhancerBySpringCGLIB$$318bc149] is not eligible for getting processed by all BeanPostProcessors (for example: not eligible for auto-proxying)
[2021-03-26 17:08:29:1630][main] INFO  o.s.c.s.PostProcessorRegistrationDelegate$BeanPostProcessorChecker - Bean 'handlebars.resolver-pl.allegro.tech.boot.autoconfigure.handlebars.HandlebarsValueResolversProperties' of type [pl.allegro.tech.boot.autoconfigure.handlebars.HandlebarsValueResolversProperties] is not eligible for getting processed by all BeanPostProcessors (for example: not eligible for auto-proxying)
[2021-03-26 17:08:29:1646][main] INFO  o.s.c.s.PostProcessorRegistrationDelegate$BeanPostProcessorChecker - Bean 'handlebars-pl.allegro.tech.boot.autoconfigure.handlebars.HandlebarsProperties' of type [pl.allegro.tech.boot.autoconfigure.handlebars.HandlebarsProperties] is not eligible for getting processed by all BeanPostProcessors (for example: not eligible for auto-proxying)
[2021-03-26 17:08:29:1646][main] INFO  o.s.c.s.PostProcessorRegistrationDelegate$BeanPostProcessorChecker - Bean 'pl.allegro.tech.boot.autoconfigure.handlebars.HandlebarsAutoConfiguration$HandlebarsViewResolverConfiguration' of type [pl.allegro.tech.boot.autoconfigure.handlebars.HandlebarsAutoConfiguration$HandlebarsViewResolverConfiguration$$EnhancerBySpringCGLIB$$4472ebe7] is not eligible for getting processed by all BeanPostProcessors (for example: not eligible for auto-proxying)
[2021-03-26 17:08:29:1740][main] INFO  o.s.c.s.PostProcessorRegistrationDelegate$BeanPostProcessorChecker - Bean 'handlebarsViewResolver' of type [com.github.jknack.handlebars.springmvc.HandlebarsViewResolver] is not eligible for getting processed by all BeanPostProcessors (for example: not eligible for auto-proxying)
[2021-03-26 17:08:30:2083][main] INFO  o.s.b.w.e.tomcat.TomcatWebServer - Tomcat initialized with port(s): 8080 (http)
[2021-03-26 17:08:30:2083][main] INFO  o.a.coyote.http11.Http11NioProtocol - Initializing ProtocolHandler ["http-nio-8080"]
[2021-03-26 17:08:30:2083][main] INFO  o.a.catalina.core.StandardService - Starting service [Tomcat]
[2021-03-26 17:08:30:2083][main] INFO  o.a.catalina.core.StandardEngine - Starting Servlet engine: [Apache Tomcat/9.0.43]
[2021-03-26 17:08:30:2255][main] INFO  o.a.c.c.C.[Tomcat].[localhost].[/] - Initializing Spring embedded WebApplicationContext
[2021-03-26 17:08:30:2255][main] INFO  o.s.b.w.s.c.ServletWebServerApplicationContext - Root WebApplicationContext: initialization completed in 1359 ms
[2021-03-26 17:08:30:2443][main] INFO  o.s.s.c.ThreadPoolTaskExecutor - Initializing ExecutorService 'applicationTaskExecutor'
[2021-03-26 17:08:30:2536][main] INFO  o.s.b.a.w.s.WelcomePageHandlerMapping - Adding welcome page template: index
[2021-03-26 17:08:30:2646][main] INFO  o.a.coyote.http11.Http11NioProtocol - Starting ProtocolHandler ["http-nio-8080"]
[2021-03-26 17:08:30:2661][main] INFO  o.s.b.w.e.tomcat.TomcatWebServer - Tomcat started on port(s): 8080 (http) with context path ''
[2021-03-26 17:08:30:2677][main] INFO  com.example.demo.DemoApplication - Started DemoApplication in 2.41 seconds (JVM running for 3.085)
[2021-03-26 17:08:39:11759][http-nio-8080-exec-3] INFO  o.a.c.c.C.[Tomcat].[localhost].[/] - Initializing Spring DispatcherServlet 'dispatcherServlet'
[2021-03-26 17:08:39:11760][http-nio-8080-exec-3] INFO  o.s.web.servlet.DispatcherServlet - Initializing Servlet 'dispatcherServlet'
[2021-03-26 17:08:39:11761][http-nio-8080-exec-3] INFO  o.s.web.servlet.DispatcherServlet - Completed initialization in 1 ms
[2021-03-26 17:08:39:11774][http-nio-8080-exec-3] INFO  c.e.demo.interceptor.JwtInterceptor - interceptor is called!!
[2021-03-26 17:08:39:11775][http-nio-8080-exec-3] INFO  c.e.demo.interceptor.JwtInterceptor - JWT:: eyJ0eXAiOiJqd3QiLCJhbGciOiJIUzI1NiJ9.eyJ1c2VySWQiOiJrdHMzMjciLCJleHAiOjE2MTY3NDU5MjF9.4-28Z9hGBSDyhhvp4vQNkyLvAvl6YUdyNlRBf8KPy9s
[2021-03-26 17:08:39:12027][http-nio-8080-exec-3] INFO  com.example.demo.advice.JwtAdvice - [ERROR] :: Token Expired 
[2021-03-26 17:09:05:37278][http-nio-8080-exec-2] INFO  c.e.demo.interceptor.JwtInterceptor - interceptor is called!!
[2021-03-26 17:09:05:37279][http-nio-8080-exec-2] INFO  c.e.demo.interceptor.JwtInterceptor - JWT:: null
[2021-03-26 17:09:06:38660][http-nio-8080-exec-7] INFO  c.e.demo.interceptor.JwtInterceptor - interceptor is called!!
[2021-03-26 17:09:06:38661][http-nio-8080-exec-7] INFO  c.e.demo.interceptor.JwtInterceptor - JWT:: null
[2021-03-26 17:10:21:52061][http-nio-8080-exec-2] INFO  o.s.web.servlet.DispatcherServlet - Initializing Servlet 'dispatcherServlet'
[2021-03-26 17:10:21:52063][http-nio-8080-exec-2] INFO  o.s.web.servlet.DispatcherServlet - Completed initialization in 1 ms
[2021-03-26 17:11:06:781][main] INFO  com.example.demo.DemoApplication - Starting DemoApplication using Java 1.8.0_281 on WD21020759 with PID 11052 (C:\Users\2021034\Desktop\诀公\demo\demo\build\classes\java\main started by 2021034 in C:\Users\2021034\Desktop\诀公\demo\demo)
[2021-03-26 17:11:06:785][main] INFO  com.example.demo.DemoApplication - No active profile set, falling back to default profiles: default
[2021-03-26 17:11:07:1478][main] INFO  o.s.c.s.PostProcessorRegistrationDelegate$BeanPostProcessorChecker - Bean 'pl.allegro.tech.boot.autoconfigure.handlebars.HandlebarsHelpersAutoConfiguration' of type [pl.allegro.tech.boot.autoconfigure.handlebars.HandlebarsHelpersAutoConfiguration$$EnhancerBySpringCGLIB$$b2a3c5b5] is not eligible for getting processed by all BeanPostProcessors (for example: not eligible for auto-proxying)
[2021-03-26 17:11:07:1510][main] INFO  o.s.c.s.PostProcessorRegistrationDelegate$BeanPostProcessorChecker - Bean 'handlebars.resolver-pl.allegro.tech.boot.autoconfigure.handlebars.HandlebarsValueResolversProperties' of type [pl.allegro.tech.boot.autoconfigure.handlebars.HandlebarsValueResolversProperties] is not eligible for getting processed by all BeanPostProcessors (for example: not eligible for auto-proxying)
[2021-03-26 17:11:07:1525][main] INFO  o.s.c.s.PostProcessorRegistrationDelegate$BeanPostProcessorChecker - Bean 'handlebars-pl.allegro.tech.boot.autoconfigure.handlebars.HandlebarsProperties' of type [pl.allegro.tech.boot.autoconfigure.handlebars.HandlebarsProperties] is not eligible for getting processed by all BeanPostProcessors (for example: not eligible for auto-proxying)
[2021-03-26 17:11:07:1525][main] INFO  o.s.c.s.PostProcessorRegistrationDelegate$BeanPostProcessorChecker - Bean 'pl.allegro.tech.boot.autoconfigure.handlebars.HandlebarsAutoConfiguration$HandlebarsViewResolverConfiguration' of type [pl.allegro.tech.boot.autoconfigure.handlebars.HandlebarsAutoConfiguration$HandlebarsViewResolverConfiguration$$EnhancerBySpringCGLIB$$c58af053] is not eligible for getting processed by all BeanPostProcessors (for example: not eligible for auto-proxying)
[2021-03-26 17:11:07:1640][main] INFO  o.s.c.s.PostProcessorRegistrationDelegate$BeanPostProcessorChecker - Bean 'handlebarsViewResolver' of type [com.github.jknack.handlebars.springmvc.HandlebarsViewResolver] is not eligible for getting processed by all BeanPostProcessors (for example: not eligible for auto-proxying)
[2021-03-26 17:11:08:2078][main] INFO  o.s.b.w.e.tomcat.TomcatWebServer - Tomcat initialized with port(s): 8080 (http)
[2021-03-26 17:11:08:2093][main] INFO  o.a.coyote.http11.Http11NioProtocol - Initializing ProtocolHandler ["http-nio-8080"]
[2021-03-26 17:11:08:2093][main] INFO  o.a.catalina.core.StandardService - Starting service [Tomcat]
[2021-03-26 17:11:08:2093][main] INFO  o.a.catalina.core.StandardEngine - Starting Servlet engine: [Apache Tomcat/9.0.43]
[2021-03-26 17:11:08:2249][main] INFO  o.a.c.c.C.[Tomcat].[localhost].[/] - Initializing Spring embedded WebApplicationContext
[2021-03-26 17:11:08:2249][main] INFO  o.s.b.w.s.c.ServletWebServerApplicationContext - Root WebApplicationContext: initialization completed in 1413 ms
[2021-03-26 17:11:08:2441][main] INFO  o.s.s.c.ThreadPoolTaskExecutor - Initializing ExecutorService 'applicationTaskExecutor'
[2021-03-26 17:11:08:2533][main] INFO  o.s.b.a.w.s.WelcomePageHandlerMapping - Adding welcome page template: index
[2021-03-26 17:11:08:2636][main] INFO  o.a.coyote.http11.Http11NioProtocol - Starting ProtocolHandler ["http-nio-8080"]
[2021-03-26 17:11:08:2667][main] INFO  o.s.b.w.e.tomcat.TomcatWebServer - Tomcat started on port(s): 8080 (http) with context path ''
[2021-03-26 17:11:08:2683][main] INFO  com.example.demo.DemoApplication - Started DemoApplication in 2.461 seconds (JVM running for 3.083)
[2021-03-26 17:11:21:15453][http-nio-8080-exec-2] INFO  o.a.c.c.C.[Tomcat].[localhost].[/] - Initializing Spring DispatcherServlet 'dispatcherServlet'
[2021-03-26 17:11:21:15454][http-nio-8080-exec-2] INFO  o.s.web.servlet.DispatcherServlet - Initializing Servlet 'dispatcherServlet'
[2021-03-26 17:11:21:15455][http-nio-8080-exec-2] INFO  o.s.web.servlet.DispatcherServlet - Completed initialization in 0 ms
[2021-03-26 17:11:27:21204][http-nio-8080-exec-4] INFO  c.e.demo.interceptor.JwtInterceptor - interceptor is called!!
[2021-03-26 17:11:27:21204][http-nio-8080-exec-4] INFO  c.e.demo.interceptor.JwtInterceptor - JWT:: eyJ0eXAiOiJqd3QiLCJhbGciOiJIUzI1NiJ9.eyJ1c2VySWQiOiJrdHMzMjciLCJleHAiOjE2MTY3NDU5MjF9.4-28Z9hGBSDyhhvp4vQNkyLvAvl6YUdyNlRBf8KPy9s
[2021-03-26 17:11:27:21223][http-nio-8080-exec-4] INFO  com.example.demo.advice.JwtAdvice - [ERROR] :: Token Expired 
